         w __deregister_frame_info
         w __register_frame_info
         w userAppExit
         w userAppInit
00000000 00000802 B __ctru_dev_utf16_buf
00000000 A __sync_synchronize
00000000 b _TLS_MODULE_BASE_
00000000 a shift
00000000 a shift
00000804 00000401 B __ctru_dev_path_buf
00100000 A __start__
00100000 T _start
00100008 T __service_ptr
0010000c T __apt_appid
00100010 T __heap_size
00100014 T __linear_heap_size
00100018 T __system_arglist
0010001c T __system_runflags
00100020 t startup
00100058 t ClearMem
0010006c t ClrLoop
00100094 T _init
001000ac T __aeabi_idiv
001000ac 00000220 T __divsi3
001000b4 t .divsi3_skip_div0_test
001002cc 00000020 T __aeabi_idivmod
001002ec 00000004 W __aeabi_idiv0
001002ec 00000004 W __aeabi_ldiv0
001002f0 T __aeabi_uldivmod
00100348 00000390 T strcmp
001006d0 t .udivsi3_skip_div0_test
001006d0 T __aeabi_uidiv
001006d0 000001ec T __udivsi3
001008bc 00000020 T __aeabi_uidivmod
001008dc t __do_global_dtors_aux
0010092c t frame_dummy
00100958 00000018 T socShutdown
00100970 000000c8 T failExit
00100a38 000003c4 T main
00100dfc 000001c8 T consoleDrawChar
00100fc4 00000170 T consolePrintChar
00101134 00000c40 T con_write
00101d74 00000110 t newRow
00101e84 00000180 T consoleInit
00102004 000000cc t gfxPresentFramebuffer
001020d0 0000001c T gfxIsWide
001020ec 000000f8 T gfxSetScreenFormat
001021e4 00000010 T gfxSetDoubleBuffering
001021f4 000000d8 T gfxInit
001022cc 00000010 T gfxInitDefault
001022dc 000000b8 T gfxExit
00102394 000000a0 T gfxGetFramebuffer
00102434 00000100 T gfxFlushBuffers
00102534 00000050 T gfxSwapBuffers
00102584 00000050 T gfxSwapBuffersGpu
001025d4 00000180 t aptConvertScreenForCapture
00102754 00000008 W aptDspSleep
0010275c 00000004 W aptDspWakeup
00102760 00000004 W aptDspCancel
00102764 00000138 T aptSendCommand
001028a0 00000044 t aptExitProcess
001028e4 00000394 T aptExit
00102c78 000000d8 T aptHandleSleep
00102d50 00000084 T APT_SleepIfShellClosed
00102dd4 00000078 T aptSetSleepAllowed
00102e4c 00000084 T APT_UnlockTransition
00102ed0 00000470 t aptEventHandler
00103340 000000bc T APT_ReceiveParameter
001033fc 000000b0 t aptReceiveParameter.constprop.0
001034b0 00000294 t aptScreenTransfer
00103744 000002d0 t aptWaitForWakeUp.isra.0
00103a14 000000f4 T aptJumpToHomeMenu
00103b08 00000058 T aptMainLoop
00103b60 00000240 T aptInit
00103da0 00000090 T APT_CheckNew3DS
00103e30 00000c70 t gspHardwareInit
00104aa0 00000280 T gspInit
00104d20 00000110 T gspExit
00104e30 00000010 T gspHasGpuRight
00104e40 000000a4 T gspPresentBuffer
00104ee4 00000050 T gspWaitForEvent
00104f34 00000004 W gxCmdQueueInterrupt
00104f38 00000154 t gspEventThreadMain
0010508c 00000050 T GSPGPU_FlushDataCache
001050dc 00000034 T GSPGPU_SetLcdForceBlack
00105110 00000080 T GSPGPU_AcquireRight
00105190 0000005c T GSPGPU_ReleaseRight
001051ec 0000007c T GSPGPU_ImportDisplayCaptureInfo
00105268 0000002c T GSPGPU_SaveVramSysArea
00105294 0000002c T GSPGPU_RestoreVramSysArea
001052c0 00000024 W hidShouldUseIrrst
001052e4 000001cc T hidInit
001054b0 000000e8 T hidExit
00105598 000002a0 T hidScanInput
00105838 00000010 T hidKeysDown
00105848 00000018 T hidTouchRead
00105860 000001a4 T irrstInit
00105a04 000000dc T irrstExit
00105ae0 000000b4 T irrstScanInput
00105b94 00000024 T irrstKeysHeld
00105bb8 000001e8 T accept
00105da0 00000174 T bind
00105f14 0000003c T _net_convert_error
00105f50 00000174 T connect
001060c4 0000015c T fcntl
00106220 00000050 T gethostid
00106270 000000e8 T inet_ntoa
00106358 00000014 t soc_open
0010636c 00000034 t soc_read
001063a0 00000034 t soc_write
001063d4 000000b0 t soc_close
00106484 00000190 T socInit
00106614 00000088 T socExit
0010669c 00000108 T listen
001067a4 00000148 T socuipc_cmd7
001068ec 00000168 T socuipc_cmd8
00106a54 00000010 T soc_recvfrom
00106a64 00000020 T send
00106a84 0000015c T socuipc_cmd9
00106be0 00000160 T socuipc_cmda
00106d40 00000010 T soc_sendto
00106d50 000000a4 T sendto
00106df4 0000016c T socket
00106f60 00000038 W __libctru_init
00106f98 0000016c W __system_initArgv
00107104 00000030 T __syscall_getreent
00107134 00000004 T __syscall_lock_acquire
00107138 00000004 T __syscall_lock_release
0010713c 00000004 T __syscall_lock_acquire_recursive
00107140 00000004 T __syscall_lock_release_recursive
00107144 00000004 T __syscall_exit
00107148 00000054 T initThreadVars
0010719c 00000080 T __system_initSyscalls
0010721c T svcControlMemory
0010723c T svcQueryMemory
0010726c T svcExitProcess
00107274 T svcCreateThread
00107294 T svcExitThread
0010729c T svcSleepThread
001072a4 T svcReleaseMutex
001072ac T svcCreateEvent
001072c0 T svcSignalEvent
001072c8 T svcClearEvent
001072d0 T svcCreateMemoryBlock
001072e8 T svcMapMemoryBlock
001072f0 T svcUnmapMemoryBlock
001072f8 T svcCreateAddressArbiter
0010730c T svcArbitrateAddressNoTimeout
00107314 T svcCloseHandle
0010731c T svcWaitSynchronization
00107324 T svcWaitSynchronizationN
0010734c T svcDuplicateHandle
00107360 T svcConnectToPort
00107374 T svcSendSyncRequest
0010737c T svcGetResourceLimit
00107390 T svcGetResourceLimitLimitValues
00107398 T svcGetResourceLimitCurrentValues
001073a0 T svcBreak
001073a8 W initSystem
001073f8 W __ctru_exit
0010740c 00000024 t addrMapNodeComparator(rbtree_node const*, rbtree_node const*)
00107430 00000004 t addrMapNodeDestructor(rbtree_node*)
00107434 0000012c T linearMemAlign
00107560 00000008 T linearAlloc
00107568 0000005c T linearFree
001075c4 00000088 T MemPool::CoalesceRight(MemBlock*)
0010764c 00000178 T MemPool::Allocate(MemChunk&, unsigned long, int)
001077c4 00000118 T MemPool::Deallocate(MemChunk const&)
001078dc 00000030 T MemPool::GetFreeSpace()
0010790c 00000024 t addrMapNodeComparator(rbtree_node const*, rbtree_node const*)
00107930 00000004 t addrMapNodeDestructor(rbtree_node*)
00107934 00000248 T vramMemAlignAt
00107b7c 0000000c T vramAlloc
00107b88 00000094 T vramFree
00107c1c 0000008c W envGetHandle
00107ca8 00000050 W envDestroyHandles
00107cf8 00000034 T __ctru_speedup_config
00107d2c 00000164 T srvInit
00107e90 00000064 T srvExit
00107ef4 00000060 T srvEnableNotification
00107f54 000000a0 T srvGetServiceHandleDirect
00107ff4 00000048 T srvGetServiceHandle
0010803c 00000034 T srvSubscribe
00108070 00000060 T srvReceiveNotification
001080d0 00000038 T srvPublishToSubscriber
00108108 0000000c T __sync_init
00108114 00000018 T __sync_fini
0010812c 00000028 T syncArbitrateAddress
00108154 000000ac T LightLock_Lock
00108200 00000040 T LightLock_Unlock
00108240 00000054 T RecursiveLock_Lock
00108294 00000054 T RecursiveLock_Unlock
001082e8 00000044 T LightEvent_Init
0010832c 000000b8 T LightEvent_Clear
001083e4 000000dc T LightEvent_Signal
001084c0 00000050 T LightEvent_TryWait
00108510 000000ac T LightEvent_Wait
001085bc 000001fc T threadCreate
001087b8 00000038 T threadFree
001087f0 00000024 T threadJoin
00108814 00000030 T threadGetCurrent
00108844 00000040 T threadExit
00108884 00000020 t _thread_begin
001088a4 00000090 t mappableFindAddressWithin
00108934 00000028 T mappableInit
0010895c 0000007c T mappableAlloc
001089d8 00000004 T mappableFree
001089dc 00000078 T ptmSysmInit
00108a54 0000003c T ptmSysmExit
00108a90 00000034 T PTMSYSM_ConfigureNew3DSCPU
00108ac4 0000000c T srvPmGetSessionHandle
00108ad0 00000074 T rbtree_find
00108b44 00000010 T rbtree_init
00108b54 00000198 t do_insert
00108cec 00000008 T rbtree_insert
00108cf4 00000310 T rbtree_remove
00109004 00000090 T rbtree_rotate
00109098 000001e8 W __system_allocateHeaps
00109280 00000030 W __appExit
001092b0 00000030 W __appInit
001092e0 00000090 W __libctru_exit
00109370 00000014 t archive_link
00109384 00000014 t archive_dirreset
00109398 00000014 t archive_chmod
001093ac 00000024 t error_cmp
001093d0 00000050 t archive_translate_error
00109420 000000c0 t archive_seek
001094e0 00000078 t _archiveInit.part.0
00109558 000000d4 t archiveFindDevice.part.0
0010962c 00000298 t archive_utf16path
001098c4 00000098 t _archiveUnmountDeviceStruct.part.0
0010995c 00000014 t archive_statvfs
00109970 00000014 t archive_fchmod
00109984 00000178 t _archiveMountDevice
00109afc 000000f8 t archive_diropen
00109bf4 000000ac t archive_fstat
00109ca0 00000074 t archive_fsync
00109d14 00000074 t archive_close
00109d88 00000078 t archive_dirclose
00109e00 000000ec t sdmc_statvfs
00109eec 000000f8 t archive_chdir
00109fe4 0000008c t archive_ftruncate
0010a070 000000bc t archive_read
0010a12c 000000a8 t archive_unlink
0010a1d4 000000c0 t archive_rmdir
0010a294 000000d8 t archive_mkdir
0010a36c 000001a0 t archive_stat
0010a50c 00000164 t archive_dirnext
0010a670 0000013c t archive_write
0010a7b0 00000254 t archive_open
0010aa04 00000270 t archive_rename
0010ac74 000001c8 T archiveMountSdmc
0010ae3c 00000054 T archiveUnmountAll
0010ae90 00000104 T fsInit
0010af94 0000003c T fsExit
0010afd0 00000068 T fsExemptFromSession
0010b038 00000050 T fsUnexemptFromSession
0010b088 000000cc T FSUSER_OpenFile
0010b154 000000b8 T FSUSER_DeleteFile
0010b20c 000000f4 T FSUSER_RenameFile
0010b300 000000b8 T FSUSER_DeleteDirectory
0010b3b8 000000d0 T FSUSER_CreateFile
0010b488 000000c0 T FSUSER_CreateDirectory
0010b548 000000f4 T FSUSER_RenameDirectory
0010b63c 000000b4 T FSUSER_OpenDirectory
0010b6f0 00000090 T FSUSER_OpenArchive
0010b780 0000008c T FSUSER_CloseArchive
0010b80c 00000074 T FSUSER_GetSdmcArchiveResource
0010b880 00000064 T FSUSER_IsSdmcWritable
0010b8e4 00000064 T FSFILE_Read
0010b948 0000006c T FSFILE_Write
0010b9b4 00000044 T FSFILE_GetSize
0010b9f8 00000028 T FSFILE_SetSize
0010ba20 0000003c T FSFILE_Close
0010ba5c 00000024 T FSFILE_Flush
0010ba80 00000060 T FSDIR_Read
0010bae0 0000003c T FSDIR_Close
0010bb1c 00000060 T rbtree_node_next
0010bb7c 00000140 T decode_utf8
0010bcbc 000000e8 T utf16_to_utf8
0010bda4 000000c0 T utf8_to_utf16
0010be64 T __aeabi_read_tp
0010be70 00000054 T decode_utf16
0010bec4 00000054 T encode_utf16
0010bf18 000000e0 T encode_utf8
0010bff8 00000130 T __udivmoddi4
0010c128 000000d8 T strncmp
0010c200 00000410 T _strerror_r
0010c610 00000028 T strerror
0010c638 00000008 T _user_strerror
0010c640 0000008c T strlen
0010c6cc 0000001c t stdio_exit_handler
0010c6e8 0000005c t cleanup_stdio
0010c744 00000154 t global_stdio_init.part.0
0010c898 0000005c T __sinit
0010c8f4 0000000c T __sfp_lock_acquire
0010c900 0000000c T __sfp_lock_release
0010c90c 000001ec t _strtoul_l.isra.0
0010caf8 0000003c T strtoul
0010cb34 00000084 T __libc_init_array
0010cbb8 0000009c T strncat
0010cc54 00000070 T _fwalk_sglue
0010ccc4 00000078 T bsearch
0010cd3c 0000000c T __errno
0010cd48 000000e0 T _puts_r
0010ce28 00000020 T puts
0010ce48 00000028 T memalign
0010ce70 0000082c T _malloc_r
0010d69c 00000114 T _malloc_trim_r
0010d7b0 00000314 T _free_r
0010dac4 00000034 T printf
0010daf8 0000002c T vprintf
0010db24 0000003c T strnlen
0010db60 00000040 T malloc
0010dba0 00000020 T free
0010dbc0 0000022c T __sflush_r
0010ddec 000000c4 T _fflush_r
0010deb0 000000e4 T memset
0010df94 0000000c T __malloc_lock
0010dfa0 0000000c T __malloc_unlock
0010dfac 00000030 T exit
0010dfdc 00000294 T setvbuf
0010e270 00000014 T atexit
0010e284 00000020 T close
0010e2a4 000000d4 T strncpy
0010e378 0000012c T memcpy
0010e4a4 000004a4 T __sfvwrite_r
0010e948 00000044 T __sread
0010e98c 00000068 T __swrite
0010e9f4 00000040 T __sseek
0010ea34 00000008 T __sclose
0010ea3c 0000016c T memmove
0010eba8 00000144 T _fclose_r
0010ecec 0000016c T _memalign_r
0010ee58 000005e0 t get_arg
0010f438 00003554 T _vfprintf_r
0011298c 000000b4 t __sbprintf
00112a40 000000e8 T memchr
00112b28 000001c0 t quorem
00112ce8 000013f0 T _dtoa_r
001140d8 000000a0 T _wcrtomb_r
00114178 000000bc T __register_exitproc
00114234 00000164 T __smakebuf_r
00114398 00000090 T __swhatbuf_r
00114428 000004f0 T _realloc_r
00114918 00000028 T _wcsrtombs_r
00114940 00000140 T __swsetup_r
00114a80 00000088 T frexp
00114b08 0000005c T __assert_func
00114b64 00000088 T _Balloc
00114bec 0000001c T _Bfree
00114c08 000000f4 T __multadd
00114cfc 00000080 T __hi0bits
00114d7c 000000f0 T __lo0bits
00114e6c 000000a4 T __i2b
00114f10 00000230 T __multiply
00115140 00000130 T __pow5mult
00115270 00000138 T __lshift
001153a8 00000058 T __mcmp
00115400 00000218 T __mdiff
00115618 00000120 T __d2b
00115738 00000024 T __locale_mb_cur_max
0011575c 0000003c T fiprintf
00115798 0000015c T _wcsnrtombs_l
001158f4 00000064 T _wcsnrtombs_r
00115958 00000340 T __utf8_mbtowc
00115c98 00000030 T __sprint_r
00115cc8 00000014 T abort
00115cdc 00000024 T _localeconv_r
00115d00 000000d8 T _calloc_r
00115dd8 00000134 T __call_exitprocs
00115f0c 000000f8 T __utf8_wctomb
00116004 00000140 T strchr
00116144 0000009c T _raise_r
001161e0 00000020 T raise
00116200 000005e0 t get_arg
001167e0 000022f8 T _vfiprintf_r
00118ad8 000000b4 t __sbprintf
00118b8c 00000020 T _exit
00118bac 00000140 T chdir
00118cec 000001c8 T _concatenate_path
00118eb4 0000009c T _fstat_r
00118f50 00000014 T _getpid_r
00118f64 0000002c T __getreent
00118f90 000000a0 T __release_handle
00119030 000000b0 T __alloc_handle
001190e0 00000058 T __get_handle
00119138 00000110 T _close_r
00119248 00000008 t null_write
00119250 00000018 T setDefaultDevice
00119268 000000c4 T FindDevice
0011932c 00000028 T RemoveDevice
00119354 00000098 T AddDevice
001193ec 00000020 T GetDeviceOpTab
0011940c 00000008 T _isatty_r
00119414 00000014 T _kill_r
00119428 00000094 T _lseek_r
001194bc 00000094 T _read_r
00119550 00000078 W _sbrk_r
001195c8 0000001c T __libc_lock_acquire
001195e4 0000001c T __libc_lock_release
00119600 0000001c T __libc_lock_acquire_recursive
0011961c 0000001c T __libc_lock_release_recursive
00119638 00000094 T _write_r
001196cc 00000048 T strrchr
00119714 T _fini
0011a928 r .LC2
0011abbc 00000080 r dotab_stdout
0011ac3c 00000018 r grayScale
0011ac54 00000006 r colorCube
0011ac5c 00000030 r colorTable
0011aca8 00000008 r morton_y.2
0011acb0 00000008 r morton_x.3
0011acb8 00000008 r s_sleepWakeEvents.4
0011acc0 0000000c r serviceNameTable.5
0011accc 0000004d r _net_error_code_map
0011ad1c R default_font_bin
0011b51c R default_font_bin_end
0011b51c 00000030 r error_table
0011b54c 00000080 r archive_devoptab
0011b65c 00000101 R _ctype_
0011b884 00000010 r zeroes.0
0011b894 00000010 r blanks.1
0011b8ac 0000006c R __action_table
0011b918 0000006c R __state_table
0011b984 00000100 R __chclass
0011ba84 0000000c r p05.0
0011ba90 00000028 R __mprec_bigtens
0011bab8 000000c8 R __mprec_tens
0011bc6c 00000010 r zeroes.0
0011bc7c 00000010 r blanks.1
0011bc8c 00000080 R dotab_stdnull
0011bd0c R __tdata_align
0011bd10 r __EH_FRAME_BEGIN__
0011bd10 R __exidx_end
0011bd10 R __exidx_start
0011c000 00000004 D DSServerSocket
0011c004 00000004 D PCClientSocket
0011c008 00000001 d firstConsoleInit.0
0011c00c 00000004 D currentConsole
0011c010 00000048 D defaultConsole
0011c058 00000004 d aptChainloadDeliverArgSize
0011c05c 00000004 d kCount
0011c060 00000004 d kInterval
0011c064 00000004 d kDelay
0011c068 00000080 d soc_devoptab
0011c0e8 W __stacksize__
0011c0ec 0000000c D __sglue
0011c0f8 00000004 D __malloc_sbrk_base
0011c0fc 00000004 D __malloc_trim_threshold
0011c100 00000408 D __malloc_av_
0011c508 00000004 D _impure_ptr
0011c510 00000140 D _impure_data
0011c650 0000016c D __global_locale
0011c7bc 00000400 d _current_working_directory
0011cbc0 00001000 d handles
0011dbc0 0000000c d __stderr_handle
0011dbcc 0000000c d __stdout_handle
0011dbd8 0000000c d __stdin_handle
0011dbe4 0000008c D devoptab_list
0011dc70 00000004 d defaultDevice
0011dc7c d _GLOBAL_OFFSET_TABLE_
0011dc88 d __frame_dummy_init_array_entry
0011dc88 D __init_array_start
0011dc88 B __preinit_array_end
0011dc88 B __preinit_array_start
0011dc88 D __tdata_lma
0011dc88 D __tdata_lma_end
0011dc8c d __do_global_dtors_aux_fini_array_entry
0011dc8c D __fini_array_start
0011dc8c D __init_array_end
0011dc90 D __bss_start__
0011dc90 D __fini_array_end
0011dc90 00000004 B PCServerSocket
0011dc94 00000004 b SOC_buffer
0011dc98 b completed.1
0011dc9c b object.0
0011dcb4 00000064 b escapeSeq
0011dd18 00000048 B currentCopy
0011dd60 00000004 b screenAlloc
0011dd64 00000004 b screenFree
0011dd68 00000002 b gfxIsDoubleBuf
0011dd6c 00000002 b gfxCurBuf
0011dd6e 00000001 b gfxIsVram
0011dd6f 00000001 b gfxTopMode
0011dd70 00000002 b gfxFramebufferFormats
0011dd74 00000004 b gfxBottomFramebufferMaxSize
0011dd78 00000004 b gfxTopFramebufferMaxSize
0011dd80 00000008 b gfxBottomFramebuffers
0011dd88 00000008 b gfxTopFramebuffers
0011dd90 00000001 b flagValue.0
0011dd91 00000001 b flagInit.1
0011dd94 00000004 b serviceName.6
0011dd98 00000001 b aptChainloadFlags
0011dd99 00000001 b aptChainloadMediatype
0011dd9c 00000020 b aptChainloadHmac
0011ddbc 00000300 b aptChainloadDeliverArg
0011e0c0 00000008 b aptChainloadTid
0011e0c8 00001000 b aptParameters
0011f0c8 00000004 b aptFlags
0011f0cc 00000001 b aptHomeButtonState
0011f0d0 00000004 b aptMessageFuncData
0011f0d4 00000004 b aptMessageFunc
0011f0d8 0000000c b aptFirstHook
0011f0e4 00000001 b aptEventHandlerThreadQuit
0011f0e8 00000004 b aptEventHandlerThread
0011f0ec 00000008 b aptSleepEvent
0011f0f4 00000008 b aptReceiveEvent
0011f0fc 00000008 b aptEvents
0011f104 00000004 b aptLockHandle
0011f108 00000004 b aptRefCount
0011f10c 00000007 b gspEventCbOneShot
0011f114 0000001c b gspEventCbData
0011f130 0000001c b gspEventCb
0011f14c 00000038 b gspEvents
0011f184 00000004 b gspLastEvent
0011f188 00000001 b gspRunEvents
0011f18c 00000004 b gspEventThread
0011f190 00000004 b gspEvent
0011f194 00000001 b gspGpuRight
0011f195 00000001 b gspThreadId
0011f198 00000004 b gspSharedMem
0011f19c 00000004 b gspSharedMemHandle
0011f1a0 00000004 b gspRefCount
0011f1a4 00000004 b gspGpuHandle
0011f1a8 00000001 b usingIrrst
0011f1ac 00000004 b hidRefCount
0011f1b0 00000006 b gRate
0011f1b8 00000006 b aVec
0011f1c0 00000004 b cPos
0011f1c4 00000004 b tPos
0011f1c8 00000004 b kRepeat
0011f1cc 00000004 b kUp
0011f1d0 00000004 b kDown
0011f1d4 00000004 b kHeld
0011f1d8 00000004 b kOld
0011f1dc 00000004 B hidSharedMem
0011f1e0 00000014 B hidEvents
0011f1f4 00000004 B hidMemHandle
0011f1f8 00000004 B hidHandle
0011f1fc 00000004 b irrstRefCount
0011f200 00000004 b csPos
0011f204 00000004 b kHeld
0011f208 00000004 B irrstSharedMem
0011f20c 00000004 B irrstEvent
0011f210 00000004 B irrstMemHandle
0011f214 00000004 B irrstHandle
0011f218 00000004 B socMemhandle
0011f21c 00000004 B SOCU_handle
0011f220 00000010 b buffer
0011f230 00000004 B __system_retAddr
0011f234 00000004 B __system_argv
0011f238 00000004 B __system_argc
0011f23c b saved_stack
0011f248 00000008 b sLinearPool
0011f250 0000000c b sAddrMap
0011f260 00000008 b sVramPoolB
0011f268 00000008 b sVramPoolA
0011f270 0000000c b sAddrMap
0011f27c 00000004 B __3dslink_host
0011f280 00000001 V __ctru_speedup
0011f284 00000004 b srvRefCount
0011f288 00000004 b srvHandle
0011f28c 00000004 b arbiter
0011f290 00000004 b currentAddr
0011f294 00000004 b maxAddr
0011f298 00000004 b minAddr
0011f29c 00000004 b ptmSysmRefCount
0011f2a0 00000004 b ptmSysmHandle
0011f2a4 00000004 b srvPmHandle
0011f2a8 00000004 V __ctru_linear_heap_size
0011f2ac 00000004 V __ctru_heap_size
0011f2b0 00000004 B __ctru_linear_heap
0011f2b4 00000004 B __ctru_heap
0011f2b8 000005c0 b archive_devices
0011f878 00000004 b archive_device_cwd
0011f87c 00000001 b archive_initialized
0011f880 00000080 b fsExemptArchives
0011f900 00000004 b fsuRefCount
0011f904 00000004 b fsuHandle
0011f908 0000000c b __sfp_recursive_mutex
0011f918 00000168 B __sf
0011fa80 00000004 B __stdio_exit_handler
0011fa84 00000028 B __malloc_current_mallinfo
0011faac 00000004 B __malloc_max_total_mem
0011fab0 00000004 B __malloc_max_sbrked_mem
0011fab4 00000004 B __malloc_top_pad
0011fab8 0000000c b __malloc_recursive_mutex
0011fac4 00000190 B __atexit0
0011fc54 00000004 B __atexit
0011fc58 0000000c B __atexit_recursive_mutex
0011fc64 00000400 b temp_cwd
00120064 00000004 b __hndl_lock
00120068 00000004 B fake_heap_start
0012006c 00000004 B fake_heap_end
00120070 00000004 b heap_start.0
00120074 B __tls_start
00120c7c B __bss_end__
00120c7c A __end__
00120c7c B __tls_end
